<?xml version="1.0" encoding="UTF-8"?>
<testng-results skipped="0" failed="0" ignored="0" total="1" passed="1">
  <reporter-output>
  </reporter-output>
  <suite name="Suite" duration-ms="134" started-at="2020-10-21T23:24:43 IST" finished-at="2020-10-21T23:24:44 IST">
    <groups>
    </groups>
    <test name="Test" duration-ms="134" started-at="2020-10-21T23:24:43 IST" finished-at="2020-10-21T23:24:44 IST">
      <class name="jenkinstest.Sample1">
        <test-method status="PASS" signature="method1()[pri:0, instance:jenkinstest.Sample1@2c6a3f77]" name="method1" duration-ms="8" started-at="2020-10-21T23:24:44 IST" finished-at="2020-10-21T23:24:44 IST">
          <reporter-output>
          </reporter-output>
        </test-method> <!-- method1 -->
      </class> <!-- jenkinstest.Sample1 -->
    </test> <!-- Test -->
  </suite> <!-- Suite -->
</testng-results>
